TN:
SF:src/app.ts
FN:17,(anonymous_1)
FNF:1
FNH:0
FNDA:0,(anonymous_1)
DA:1,2
DA:2,2
DA:3,2
DA:4,2
DA:5,2
DA:6,2
DA:8,2
DA:10,2
DA:11,2
DA:12,2
DA:14,2
DA:17,2
DA:18,0
DA:21,2
DA:23,2
LF:15
LH:14
BRF:0
BRH:0
end_of_record
TN:
SF:src/common/errors/BadRequestError.ts
FN:6,(anonymous_0)
FN:12,(anonymous_1)
FNF:2
FNH:0
FNDA:0,(anonymous_0)
FNDA:0,(anonymous_1)
DA:1,2
DA:3,2
DA:4,0
DA:6,0
DA:7,0
DA:9,0
DA:13,0
LF:7
LH:2
BRF:0
BRH:0
end_of_record
TN:
SF:src/common/errors/Forbidden.ts
FN:6,(anonymous_0)
FN:12,(anonymous_1)
FNF:2
FNH:2
FNDA:1,(anonymous_0)
FNDA:1,(anonymous_1)
DA:1,2
DA:3,2
DA:4,1
DA:7,1
DA:9,1
DA:13,1
LF:6
LH:6
BRF:0
BRH:0
end_of_record
TN:
SF:src/common/errors/NotAuthorizedError.ts
FN:6,(anonymous_0)
FN:12,(anonymous_1)
FNF:2
FNH:2
FNDA:3,(anonymous_0)
FNDA:3,(anonymous_1)
DA:1,2
DA:3,2
DA:4,3
DA:7,3
DA:9,3
DA:13,3
LF:6
LH:6
BRF:0
BRH:0
end_of_record
TN:
SF:src/common/errors/NotFoundError.ts
FN:6,(anonymous_0)
FN:12,(anonymous_1)
FNF:2
FNH:0
FNDA:0,(anonymous_0)
FNDA:0,(anonymous_1)
DA:1,2
DA:3,2
DA:4,0
DA:7,0
DA:9,0
DA:13,0
LF:6
LH:2
BRF:0
BRH:0
end_of_record
TN:
SF:src/common/errors/RequestValidtionError.ts
FN:7,(anonymous_0)
FN:13,(anonymous_1)
FN:14,(anonymous_2)
FNF:3
FNH:3
FNDA:5,(anonymous_0)
FNDA:5,(anonymous_1)
FNDA:9,(anonymous_2)
DA:1,2
DA:4,2
DA:5,5
DA:7,5
DA:8,5
DA:10,5
DA:14,5
DA:15,9
LF:8
LH:8
BRF:0
BRH:0
end_of_record
TN:
SF:src/common/errors/custom-error.ts
FN:4,(anonymous_0)
FNF:1
FNH:1
FNDA:9,(anonymous_0)
DA:1,2
DA:5,9
DA:7,9
LF:3
LH:3
BRF:0
BRH:0
end_of_record
TN:
SF:src/common/errors/error-handler.ts
FN:4,(anonymous_0)
FNF:1
FNH:1
FNDA:9,(anonymous_0)
DA:2,2
DA:4,2
DA:10,9
DA:11,9
DA:16,0
LF:5
LH:4
BRDA:10,0,0,9
BRF:1
BRH:1
end_of_record
TN:
SF:src/common/middlewares/current-user.ts
FN:26,(anonymous_8)
FN:30,(anonymous_9)
FNF:2
FNH:2
FNDA:4,(anonymous_8)
FNDA:4,(anonymous_9)
DA:2,2
DA:5,2
DA:7,2
DA:9,2
DA:26,2
DA:30,4
DA:31,4
DA:32,2
DA:35,2
DA:37,2
DA:38,2
DA:45,1
DA:47,1
DA:50,1
LF:14
LH:14
BRDA:31,0,0,2
BRF:1
BRH:1
end_of_record
TN:
SF:src/common/middlewares/require-auth.ts
FN:5,(anonymous_7)
FN:9,(anonymous_8)
FNF:2
FNH:2
FNDA:1,(anonymous_7)
FNDA:1,(anonymous_8)
DA:2,2
DA:3,2
DA:5,2
DA:9,1
DA:10,1
DA:11,0
DA:13,1
DA:15,1
DA:16,0
DA:19,1
DA:21,1
LF:11
LH:9
BRDA:10,0,0,0
BRDA:15,1,0,0
BRF:2
BRH:0
end_of_record
TN:
SF:src/common/middlewares/restrict-to.ts
FN:6,(anonymous_0)
FN:6,(anonymous_1)
FNF:2
FNH:2
FNDA:2,(anonymous_0)
FNDA:1,(anonymous_1)
DA:2,2
DA:6,2
DA:7,1
DA:8,1
DA:10,0
DA:13,2
LF:6
LH:5
BRDA:7,0,0,1
BRF:1
BRH:1
end_of_record
TN:
SF:src/common/middlewares/validate-request.ts
FN:5,(anonymous_0)
FNF:1
FNH:1
FNDA:11,(anonymous_0)
DA:2,2
DA:3,2
DA:5,2
DA:10,11
DA:12,11
DA:13,5
DA:16,6
LF:7
LH:7
BRDA:12,0,0,5
BRF:1
BRH:1
end_of_record
TN:
SF:src/common/types/role.ts
FN:1,(anonymous_0)
FNF:1
FNH:1
FNDA:2,(anonymous_0)
DA:1,2
DA:2,2
DA:3,2
LF:3
LH:3
BRDA:1,0,0,2
BRDA:1,0,1,2
BRF:2
BRH:2
end_of_record
TN:
SF:src/controllers/v1/admin/auth/profile.ts
FN:7,(anonymous_7)
FN:7,(anonymous_8)
FNF:2
FNH:0
FNDA:0,(anonymous_7)
FNDA:0,(anonymous_8)
DA:2,2
DA:7,2
DA:8,0
DA:9,0
DA:13,0
DA:14,0
DA:20,2
LF:7
LH:3
BRDA:15,0,0,0
BRDA:15,0,1,0
BRF:2
BRH:0
end_of_record
TN:
SF:src/controllers/v1/admin/auth/signin.ts
FN:7,(anonymous_8)
FN:7,(anonymous_9)
FNF:2
FNH:0
FNDA:0,(anonymous_8)
FNDA:0,(anonymous_9)
DA:2,2
DA:4,2
DA:5,2
DA:7,2
DA:8,0
DA:9,0
DA:11,0
DA:13,0
DA:15,0
DA:23,0
DA:29,0
DA:35,2
LF:12
LH:5
BRDA:13,0,0,0
BRDA:30,1,0,0
BRDA:30,1,1,0
BRF:3
BRH:0
end_of_record
TN:
SF:src/controllers/v1/admin/auth/singup.ts
FN:7,(anonymous_8)
FN:7,(anonymous_9)
FNF:2
FNH:2
FNDA:6,(anonymous_8)
FNDA:6,(anonymous_9)
DA:2,2
DA:3,2
DA:4,2
DA:5,2
DA:7,6
DA:8,6
DA:10,6
DA:11,6
DA:18,6
DA:26,6
DA:31,0
DA:37,2
LF:12
LH:11
BRDA:32,0,0,0
BRDA:32,0,1,0
BRF:2
BRH:0
end_of_record
TN:
SF:src/model/user.ts
FN:38,(anonymous_1)
FN:49,(anonymous_2)
FNF:2
FNH:2
FNDA:6,(anonymous_1)
FNDA:6,(anonymous_2)
DA:1,2
DA:2,2
DA:25,2
DA:39,6
DA:40,6
DA:41,6
DA:42,6
DA:49,2
DA:50,6
DA:53,2
DA:55,2
LF:11
LH:11
BRF:0
BRH:0
end_of_record
TN:
SF:src/routes/v1/admin/index.ts
FNF:0
FNH:0
DA:1,2
DA:2,2
DA:4,2
DA:6,2
DA:8,2
LF:5
LH:5
BRF:0
BRH:0
end_of_record
TN:
SF:src/routes/v1/admin/auth/index.ts
FNF:0
FNH:0
DA:1,2
DA:2,2
DA:3,2
DA:4,2
DA:6,2
DA:8,2
DA:9,2
DA:11,2
DA:13,2
LF:9
LH:9
BRF:0
BRH:0
end_of_record
TN:
SF:src/routes/v1/admin/auth/profile.ts
FNF:0
FNH:0
DA:1,2
DA:4,2
DA:6,2
DA:7,2
DA:8,2
DA:9,2
DA:11,2
DA:13,2
DA:25,2
LF:9
LH:9
BRF:0
BRH:0
end_of_record
TN:
SF:src/routes/v1/admin/auth/signin.ts
FNF:0
FNH:0
DA:1,2
DA:2,2
DA:3,2
DA:6,2
DA:7,2
DA:23,2
LF:6
LH:6
BRF:0
BRH:0
end_of_record
TN:
SF:src/routes/v1/admin/auth/signup.ts
FNF:0
FNH:0
DA:1,2
DA:3,2
DA:4,2
DA:5,2
DA:7,2
DA:8,2
DA:22,2
LF:7
LH:7
BRF:0
BRH:0
end_of_record
